<?xml version="1.0" encoding="utf-8"?><testsuites><testsuite name="pytest" errors="0" failures="0" skipped="0" tests="11" time="0.068" timestamp="2025-05-22T03:05:35.211518+00:00" hostname="7d144fe52747"><testcase classname="generator.tests.test_generate_QR" name="test_generate_qr_without_logo" time="0.003" /><testcase classname="generator.tests.test_generate_QR" name="test_generate_qr_with_logo" time="0.012" /><testcase classname="generator.tests.test_generate_QR" name="test_generate_qr_raises_error_for_missing_logo" time="0.003" /><testcase classname="generator.tests.test_generate_QR" name="test_generate_qr_raises_on_empty_input" time="0.000" /><testcase classname="generator.tests.test_image_utils" name="test_embed_logo_with_valid_logo_choice" time="0.006" /><testcase classname="generator.tests.test_image_utils" name="test_embed_logo_raises_error_for_missing_logo" time="0.001" /><testcase classname="generator.tests.test_link_utils" name="test_clean_google_doc_url" time="0.000" /><testcase classname="generator.tests.test_link_utils" name="test_clean_google_drive_url" time="0.000" /><testcase classname="generator.tests.test_link_utils" name="test_clean_non_matching_url" time="0.000" /><testcase classname="generator.tests.test_link_utils" name="test_clean_http_url" time="0.000" /><testcase classname="generator.tests.test_output_utils" name="test_save_img_creates_output_and_saves" time="0.001" /></testsuite></testsuites>